<?xml version="1.0" encoding="UTF-8"?>
<!-- Generated by org.testng.reporters.JUnitReportReporter -->
<testsuite hostname="QT-INBG-LT0350" failures="0" tests="1" name="package1.TestNgSample" time="0.011" errors="0" timestamp="2022-06-07T18:05:29 IST" skipped="0">
  <testcase classname="package1.TestNgSample" name="demo" time="0.011"/>
  <system-out/>
</testsuite> <!-- package1.TestNgSample -->
