<?xml version="1.0" encoding="UTF-8"?>
<!-- Generated by org.testng.reporters.JUnitReportReporter -->
<testsuite hostname="QT-INBG-LT0350" failures="0" tests="10" name="mobileWorld.AllMobiles" time="11.339" errors="0" timestamp="2022-06-16T20:20:28 IST" skipped="0">
  <testcase classname="mobileWorld.AllMobiles" name="launchBrowser" time="6.914"/>
  <system-out/>
  <testcase classname="mobileWorld.AllMobiles" name="allMobiles" time="1.188"/>
  <system-out/>
  <testcase classname="mobileWorld.AllMobiles" name="searchLenovo" time="0.156"/>
  <system-out/>
  <testcase classname="mobileWorld.AllMobiles" name="searchSamsung" time="0.112"/>
  <system-out/>
  <testcase classname="mobileWorld.AllMobiles" name="wrongApple" time="0.109"/>
  <system-out/>
  <testcase classname="mobileWorld.AllMobiles" name="wrongSamsung" time="0.090"/>
  <system-out/>
  <testcase classname="mobileWorld.AllMobiles" name="twoCharacter" time="0.096"/>
  <system-out/>
  <testcase classname="mobileWorld.AllMobiles" name="InvalidMob" time="0.074"/>
  <system-out/>
  <testcase classname="mobileWorld.AllMobiles" name="order" time="2.168"/>
  <system-out/>
  <testcase classname="mobileWorld.AllMobiles" name="courseVerify" time="0.432"/>
  <system-out/>
</testsuite> <!-- mobileWorld.AllMobiles -->
