<?xml version="1.0" encoding="UTF-8"?>
<!-- Generated by org.testng.reporters.JUnitReportReporter -->
<testsuite hostname="QT-INBG-LT0350" failures="0" tests="1" name="sample.TestNgSample" time="0.002" errors="0" timestamp="2022-06-15T16:09:17 IST" skipped="0">
  <testcase classname="sample.TestNgSample" name="demo" time="0.002"/>
  <system-out/>
</testsuite> <!-- sample.TestNgSample -->
