<?xml version="1.0" encoding="UTF-8"?>
<!-- Generated by org.testng.reporters.JUnitReportReporter -->
<testsuite hostname="QT-INBG-LT0350" failures="0" tests="4" name="mobileWorld.SignIn" time="6.365" errors="0" timestamp="2022-06-15T16:09:17 IST" skipped="0">
  <testcase classname="mobileWorld.SignIn" name="launchBrowser" time="4.864"/>
  <system-out/>
  <testcase classname="mobileWorld.SignIn" name="enterUserName" time="0.132"/>
  <system-out/>
  <testcase classname="mobileWorld.SignIn" name="enterPassword" time="0.083"/>
  <system-out/>
  <testcase classname="mobileWorld.SignIn" name="clickOnLogin" time="1.286"/>
  <system-out/>
</testsuite> <!-- mobileWorld.SignIn -->
