<?xml version="1.0" encoding="UTF-8"?>
<!-- Generated by org.testng.reporters.JUnitReportReporter -->
<testsuite hostname="QT-INBG-LT0350" failures="0" tests="11" name="mobileWorld.SignUp" time="17.503" errors="0" timestamp="2022-06-15T16:09:17 IST" skipped="0">
  <testcase classname="mobileWorld.SignUp" name="launchBrowser" time="12.325"/>
  <system-out/>
  <testcase classname="mobileWorld.SignUp" name="clickOnSignUp" time="2.319"/>
  <system-out/>
  <testcase classname="mobileWorld.SignUp" name="enterFirstName" time="0.120"/>
  <system-out/>
  <testcase classname="mobileWorld.SignUp" name="enterLastName" time="0.084"/>
  <system-out/>
  <testcase classname="mobileWorld.SignUp" name="enterMail" time="0.093"/>
  <system-out/>
  <testcase classname="mobileWorld.SignUp" name="enterPassword" time="0.090"/>
  <system-out/>
  <testcase classname="mobileWorld.SignUp" name="enterDOB" time="0.081"/>
  <system-out/>
  <testcase classname="mobileWorld.SignUp" name="selectGender" time="0.052"/>
  <system-out/>
  <testcase classname="mobileWorld.SignUp" name="enterPhoneNumber" time="0.073"/>
  <system-out/>
  <testcase classname="mobileWorld.SignUp" name="clickOnRegister" time="2.169"/>
  <system-out/>
  <testcase classname="mobileWorld.SignUp" name="clickOnSignIn" time="0.097"/>
  <system-out/>
</testsuite> <!-- mobileWorld.SignUp -->
