<?xml version="1.0" encoding="UTF-8"?>
<!-- Generated by org.testng.reporters.JUnitReportReporter -->
<testsuite hostname="QT-INBG-LT0350" failures="0" tests="7" name="mobileWorld.ContactUS" time="8.171" errors="0" timestamp="2022-06-16T19:29:55 IST" skipped="0">
  <testcase classname="mobileWorld.ContactUS" name="launchBrowser" time="5.015"/>
  <system-out/>
  <testcase classname="mobileWorld.ContactUS" name="clickContactUs" time="2.315"/>
  <system-out/>
  <testcase classname="mobileWorld.ContactUS" name="enterName" time="0.141"/>
  <system-out/>
  <testcase classname="mobileWorld.ContactUS" name="enterMail" time="0.087"/>
  <system-out/>
  <testcase classname="mobileWorld.ContactUS" name="enterPhoneNumber" time="0.072"/>
  <system-out/>
  <testcase classname="mobileWorld.ContactUS" name="enterMessage" time="0.056"/>
  <system-out/>
  <testcase classname="mobileWorld.ContactUS" name="clickOnSend" time="0.485"/>
  <system-out/>
</testsuite> <!-- mobileWorld.ContactUS -->
