<?xml version="1.0" encoding="UTF-8"?>
<!-- Generated by org.testng.reporters.JUnitReportReporter -->
<testsuite hostname="QT-INBG-LT0350" failures="0" tests="10" name="mobileWorld.Mobile" time="9.373" errors="0" timestamp="2022-06-14T01:32:48 IST" skipped="0">
  <testcase classname="mobileWorld.Mobile" name="launchBrowser" time="5.392"/>
  <system-out/>
  <testcase classname="mobileWorld.Mobile" name="allMobiles" time="0.915"/>
  <system-out/>
  <testcase classname="mobileWorld.Mobile" name="searchLenovo" time="0.172"/>
  <system-out/>
  <testcase classname="mobileWorld.Mobile" name="searchSamsung" time="0.122"/>
  <system-out/>
  <testcase classname="mobileWorld.Mobile" name="wrongApple" time="0.137"/>
  <system-out/>
  <testcase classname="mobileWorld.Mobile" name="wrongSamsung" time="0.087"/>
  <system-out/>
  <testcase classname="mobileWorld.Mobile" name="twoCharacter" time="0.100"/>
  <system-out/>
  <testcase classname="mobileWorld.Mobile" name="InvalidMob" time="0.086"/>
  <system-out/>
  <testcase classname="mobileWorld.Mobile" name="order" time="2.230"/>
  <system-out/>
  <testcase classname="mobileWorld.Mobile" name="courseVerify" time="0.132"/>
  <system-out/>
</testsuite> <!-- mobileWorld.Mobile -->
